2020-01-30 12:57:23,949 - simple_example - DEBUG - debug message
2020-01-30 12:57:23,949 - simple_example - INFO - info message
2020-01-30 12:57:23,950 - simple_example - WARNING - warn message
2020-01-30 12:57:23,950 - simple_example - ERROR - error message
2020-01-30 12:57:23,950 - simple_example - CRITICAL - critical message
2020-01-30 12:58:44,603 - PPS - INFO - filip_printer smbprn.uH3cxO 5.5.5.5 filip 2020/01/28 10:09:24
2020-01-30 13:43:18,104 - simple_example - DEBUG - debug message
2020-01-30 13:43:18,105 - simple_example - INFO - info message
2020-01-30 13:43:18,105 - simple_example - WARNING - warn message
2020-01-30 13:43:18,105 - simple_example - ERROR - error message
2020-01-30 13:43:18,105 - simple_example - CRITICAL - critical message
2020-01-30 13:44:16,016 - simple_example - DEBUG - debug message
2020-01-30 13:44:16,016 - simple_example - INFO - info message
2020-01-30 13:44:16,016 - simple_example - WARNING - warn message
2020-01-30 13:44:16,016 - simple_example - ERROR - error message
2020-01-30 13:44:16,017 - simple_example - CRITICAL - critical message
2020-01-30 13:49:47,734 - simple_example - DEBUG - "Test Page"
2020-01-30 13:49:47,734 - simple_example - INFO - info message
2020-01-30 13:49:47,734 - simple_example - WARNING - warn message
2020-01-30 13:49:47,734 - simple_example - ERROR - error message
2020-01-30 13:49:47,734 - simple_example - CRITICAL - critical message
2020-01-30 13:50:16,005 - simple_example - DEBUG - "Test Page"
2020-01-30 13:50:16,005 - simple_example - INFO - info message
2020-01-30 13:50:16,005 - simple_example - WARNING - warn message
2020-01-30 13:50:16,005 - simple_example - ERROR - error message
2020-01-30 13:50:16,006 - simple_example - CRITICAL - critical message
2020-02-04 12:33:52,923 - PPS - INFO - filip_printer smbprn.V2S8nQ  0.0.0.0 filip 2020/01/27 22:45:19 
2020-02-04 12:34:04,641 - PPS - INFO - filip_printer smbprn.V2S8nQ  0.0.0.0 filip 2020/01/27 22:45:19 
2020-02-04 12:35:10,066 - PPS - INFO - filip_printer smbprn.V2S8nQ  0.0.0.0 filip 2020/01/27 22:45:19 
2020-02-04 12:40:14,379 - PPS - INFO - test
2020-02-04 12:40:40,802 - PPS - INFO - test
2020-02-04 12:40:58,640 - PPS - INFO - test
2020-02-04 12:41:42,446 - PPS - INFO - filip_printer smbprn.V2S8nQ  0.0.0.0 filip 2020/01/27 22:45:19 
